# JRE version: OpenJDK Runtime Environment (17.0.6) (build 17.0.6+0-b2043.56-10027231)
# Java VM: OpenJDK 64-Bit Server VM (17.0.6+0-b2043.56-10027231, mixed mode, tiered, compressed oops, compressed class ptrs, g1 gc, windows-amd64)
GC Precious Log:
 CPUs: 8 total, 8 available
 Memory: 14284M
 Large Page Support: Disabled
 NUMA Support: Disabled
 Compressed Oops: Enabled (32-bit)
 Heap Region Size: 1M
 Heap Min Capacity: 8M
 Heap Initial Capacity: 224M
 Heap Max Capacity: 2G
 Pre-touch: Disabled
 Parallel Workers: 8
 Concurrent Workers: 2
 Concurrent Refinement Workers: 8
 Periodic GC: Disabled
Heap:
 garbage-first heap   total 396288K, used 319410K [0x0000000080000000, 0x0000000100000000)
  region size 1024K, 86 young (88064K), 8 survivors (8192K)
 Metaspace       used 141908K, committed 142976K, reserved 1179648K
  class space    used 18300K, committed 18816K, reserved 1048576K
GC Heap History (20 events):
Event: 200.393 GC heap before
{Heap before GC invocations=112 (full 0):
 garbage-first heap   total 344064K, used 286362K [0x0000000080000000, 0x0000000100000000)
  region size 1024K, 101 young (103424K), 3 survivors (3072K)
 Metaspace       used 132226K, committed 133184K, reserved 1171456K
  class space    used 17345K, committed 17792K, reserved 1048576K
}
Event: 200.403 GC heap after
{Heap after GC invocations=113 (full 0):
 garbage-first heap   total 344064K, used 194720K [0x0000000080000000, 0x0000000100000000)
  region size 1024K, 11 young (11264K), 11 survivors (11264K)
 Metaspace       used 132226K, committed 133184K, reserved 1171456K
  class space    used 17345K, committed 17792K, reserved 1048576K
}
Event: 202.812 GC heap before
{Heap before GC invocations=114 (full 0):
 garbage-first heap   total 344064K, used 294048K [0x0000000080000000, 0x0000000100000000)
  region size 1024K, 100 young (102400K), 11 survivors (11264K)
 Metaspace       used 134733K, committed 135744K, reserved 1171456K
  class space    used 17608K, committed 18048K, reserved 1048576K
}
Event: 202.831 GC heap after
{Heap after GC invocations=115 (full 0):
 garbage-first heap   total 344064K, used 219205K [0x0000000080000000, 0x0000000100000000)
  region size 1024K, 13 young (13312K), 13 survivors (13312K)
 Metaspace       used 134733K, committed 135744K, reserved 1171456K
  class space    used 17608K, committed 18048K, reserved 1048576K
}
Event: 202.887 GC heap before
{Heap before GC invocations=115 (full 0):
 garbage-first heap   total 344064K, used 222277K [0x0000000080000000, 0x0000000100000000)
  region size 1024K, 16 young (16384K), 13 survivors (13312K)
 Metaspace       used 134735K, committed 135744K, reserved 1171456K
  class space    used 17608K, committed 18048K, reserved 1048576K
}
Event: 202.898 GC heap after
{Heap after GC invocations=116 (full 0):
 garbage-first heap   total 344064K, used 214443K [0x0000000080000000, 0x0000000100000000)
  region size 1024K, 2 young (2048K), 2 survivors (2048K)
 Metaspace       used 134735K, committed 135744K, reserved 1171456K
  class space    used 17608K, committed 18048K, reserved 1048576K
}
Event: 206.356 GC heap before
{Heap before GC invocations=116 (full 0):
 garbage-first heap   total 344064K, used 286123K [0x0000000080000000, 0x0000000100000000)
  region size 1024K, 64 young (65536K), 2 survivors (2048K)
 Metaspace       used 135248K, committed 136256K, reserved 1171456K
  class space    used 17647K, committed 18112K, reserved 1048576K
}
Event: 206.373 GC heap after
{Heap after GC invocations=117 (full 0):
 garbage-first heap   total 344064K, used 228026K [0x0000000080000000, 0x0000000100000000)
  region size 1024K, 8 young (8192K), 8 survivors (8192K)
 Metaspace       used 135248K, committed 136256K, reserved 1171456K
  class space    used 17647K, committed 18112K, reserved 1048576K
}
Event: 207.993 GC heap before
{Heap before GC invocations=118 (full 0):
 garbage-first heap   total 396288K, used 290490K [0x0000000080000000, 0x0000000100000000)
  region size 1024K, 53 young (54272K), 8 survivors (8192K)
 Metaspace       used 137345K, committed 138368K, reserved 1171456K
  class space    used 17831K, committed 18304K, reserved 1048576K
}
Event: 208.004 GC heap after
{Heap after GC invocations=119 (full 0):
 garbage-first heap   total 396288K, used 236632K [0x0000000080000000, 0x0000000100000000)
  region size 1024K, 7 young (7168K), 7 survivors (7168K)
 Metaspace       used 137345K, committed 138368K, reserved 1171456K
  class space    used 17831K, committed 18304K, reserved 1048576K
}
Event: 208.182 GC heap before
{Heap before GC invocations=119 (full 0):
 garbage-first heap   total 396288K, used 247896K [0x0000000080000000, 0x0000000100000000)
  region size 1024K, 19 young (19456K), 7 survivors (7168K)
 Metaspace       used 138284K, committed 139264K, reserved 1171456K
  class space    used 17913K, committed 18368K, reserved 1048576K
}
Event: 208.191 GC heap after
{Heap after GC invocations=120 (full 0):
 garbage-first heap   total 396288K, used 235066K [0x0000000080000000, 0x0000000100000000)
  region size 1024K, 2 young (2048K), 2 survivors (2048K)
 Metaspace       used 138284K, committed 139264K, reserved 1171456K
  class space    used 17913K, committed 18368K, reserved 1048576K
}
Event: 209.330 GC heap before
{Heap before GC invocations=120 (full 0):
 garbage-first heap   total 396288K, used 316986K [0x0000000080000000, 0x0000000100000000)
  region size 1024K, 82 young (83968K), 2 survivors (2048K)
 Metaspace       used 139421K, committed 140416K, reserved 1171456K
  class space    used 17989K, committed 18432K, reserved 1048576K
}
Event: 209.335 GC heap after
{Heap after GC invocations=121 (full 0):
 garbage-first heap   total 396288K, used 238565K [0x0000000080000000, 0x0000000100000000)
  region size 1024K, 6 young (6144K), 6 survivors (6144K)
 Metaspace       used 139421K, committed 140416K, reserved 1171456K
  class space    used 17989K, committed 18432K, reserved 1048576K
}
Event: 209.878 GC heap before
{Heap before GC invocations=121 (full 0):
 garbage-first heap   total 396288K, used 322533K [0x0000000080000000, 0x0000000100000000)
  region size 1024K, 87 young (89088K), 6 survivors (6144K)
 Metaspace       used 139657K, committed 140736K, reserved 1179648K
  class space    used 18008K, committed 18496K, reserved 1048576K
}
Event: 209.882 GC heap after
{Heap after GC invocations=122 (full 0):
 garbage-first heap   total 396288K, used 242235K [0x0000000080000000, 0x0000000100000000)
  region size 1024K, 7 young (7168K), 7 survivors (7168K)
 Metaspace       used 139657K, committed 140736K, reserved 1179648K
  class space    used 18008K, committed 18496K, reserved 1048576K
}
Event: 210.159 GC heap before
{Heap before GC invocations=122 (full 0):
 garbage-first heap   total 396288K, used 326203K [0x0000000080000000, 0x0000000100000000)
  region size 1024K, 90 young (92160K), 7 survivors (7168K)
 Metaspace       used 139679K, committed 140736K, reserved 1179648K
  class space    used 18008K, committed 18496K, reserved 1048576K
}
Event: 210.163 GC heap after
{Heap after GC invocations=123 (full 0):
 garbage-first heap   total 396288K, used 242904K [0x0000000080000000, 0x0000000100000000)
  region size 1024K, 7 young (7168K), 7 survivors (7168K)
 Metaspace       used 139679K, committed 140736K, reserved 1179648K
  class space    used 18008K, committed 18496K, reserved 1048576K
}
Event: 218.401 GC heap before
{Heap before GC invocations=123 (full 0):
 garbage-first heap   total 396288K, used 331992K [0x0000000080000000, 0x0000000100000000)
  region size 1024K, 93 young (95232K), 7 survivors (7168K)
 Metaspace       used 141465K, committed 142528K, reserved 1179648K
  class space    used 18245K, committed 18752K, reserved 1048576K
}
Event: 218.409 GC heap after
{Heap after GC invocations=124 (full 0):
 garbage-first heap   total 396288K, used 241586K [0x0000000080000000, 0x0000000100000000)
  region size 1024K, 8 young (8192K), 8 survivors (8192K)
 Metaspace       used 141465K, committed 142528K, reserved 1179648K
  class space    used 18245K, committed 18752K, reserved 1048576K
}

