# JRE version: OpenJDK Runtime Environment (17.0.6) (build 17.0.6+0-b2043.56-10027231)
# Java VM: OpenJDK 64-Bit Server VM (17.0.6+0-b2043.56-10027231, mixed mode, tiered, compressed oops, compressed class ptrs, g1 gc, windows-amd64)
GC Precious Log:
 CPUs: 8 total, 8 available
 Memory: 14284M
 Large Page Support: Disabled
 NUMA Support: Disabled
 Compressed Oops: Enabled (Zero based)
 Heap Region Size: 2M
 Heap Min Capacity: 8M
 Heap Initial Capacity: 224M
 Heap Max Capacity: 3572M
 Pre-touch: Disabled
 Parallel Workers: 8
 Concurrent Workers: 2
 Concurrent Refinement Workers: 8
 Periodic GC: Disabled
Heap:
 garbage-first heap   total 122880K, used 75282K [0x0000000720c00000, 0x0000000800000000)
  region size 2048K, 6 young (12288K), 2 survivors (4096K)
 Metaspace       used 76599K, committed 76928K, reserved 1122304K
  class space    used 8605K, committed 8768K, reserved 1048576K
GC Heap History (20 events):
Event: 3.523 GC heap before
{Heap before GC invocations=8 (full 0):
 garbage-first heap   total 143360K, used 28266K [0x0000000720c00000, 0x0000000800000000)
  region size 2048K, 4 young (8192K), 2 survivors (4096K)
 Metaspace       used 35870K, committed 36096K, reserved 1081344K
  class space    used 4504K, committed 4608K, reserved 1048576K
}
Event: 3.527 GC heap after
{Heap after GC invocations=9 (full 0):
 garbage-first heap   total 143360K, used 26560K [0x0000000720c00000, 0x0000000800000000)
  region size 2048K, 2 young (4096K), 2 survivors (4096K)
 Metaspace       used 35870K, committed 36096K, reserved 1081344K
  class space    used 4504K, committed 4608K, reserved 1048576K
}
Event: 4.883 GC heap before
{Heap before GC invocations=10 (full 0):
 garbage-first heap   total 102400K, used 83904K [0x0000000720c00000, 0x0000000800000000)
  region size 2048K, 30 young (61440K), 2 survivors (4096K)
 Metaspace       used 48088K, committed 48384K, reserved 1097728K
  class space    used 5781K, committed 5952K, reserved 1048576K
}
Event: 4.899 GC heap after
{Heap after GC invocations=11 (full 0):
 garbage-first heap   total 102400K, used 30404K [0x0000000720c00000, 0x0000000800000000)
  region size 2048K, 4 young (8192K), 4 survivors (8192K)
 Metaspace       used 48088K, committed 48384K, reserved 1097728K
  class space    used 5781K, committed 5952K, reserved 1048576K
}
Event: 5.393 GC heap before
{Heap before GC invocations=11 (full 0):
 garbage-first heap   total 102400K, used 73412K [0x0000000720c00000, 0x0000000800000000)
  region size 2048K, 24 young (49152K), 4 survivors (8192K)
 Metaspace       used 50363K, committed 50688K, reserved 1097728K
  class space    used 6051K, committed 6208K, reserved 1048576K
}
Event: 5.411 GC heap after
{Heap after GC invocations=12 (full 0):
 garbage-first heap   total 102400K, used 36571K [0x0000000720c00000, 0x0000000800000000)
  region size 2048K, 2 young (4096K), 2 survivors (4096K)
 Metaspace       used 50363K, committed 50688K, reserved 1097728K
  class space    used 6051K, committed 6208K, reserved 1048576K
}
Event: 6.577 GC heap before
{Heap before GC invocations=12 (full 0):
 garbage-first heap   total 102400K, used 75483K [0x0000000720c00000, 0x0000000800000000)
  region size 2048K, 21 young (43008K), 2 survivors (4096K)
 Metaspace       used 53383K, committed 53696K, reserved 1097728K
  class space    used 6281K, committed 6400K, reserved 1048576K
}
Event: 6.596 GC heap after
{Heap after GC invocations=13 (full 0):
 garbage-first heap   total 102400K, used 43507K [0x0000000720c00000, 0x0000000800000000)
  region size 2048K, 3 young (6144K), 3 survivors (6144K)
 Metaspace       used 53383K, committed 53696K, reserved 1097728K
  class space    used 6281K, committed 6400K, reserved 1048576K
}
Event: 7.428 GC heap before
{Heap before GC invocations=13 (full 0):
 garbage-first heap   total 102400K, used 76275K [0x0000000720c00000, 0x0000000800000000)
  region size 2048K, 19 young (38912K), 3 survivors (6144K)
 Metaspace       used 53972K, committed 54272K, reserved 1097728K
  class space    used 6313K, committed 6464K, reserved 1048576K
}
Event: 7.456 GC heap after
{Heap after GC invocations=14 (full 0):
 garbage-first heap   total 122880K, used 49981K [0x0000000720c00000, 0x0000000800000000)
  region size 2048K, 3 young (6144K), 3 survivors (6144K)
 Metaspace       used 53972K, committed 54272K, reserved 1097728K
  class space    used 6313K, committed 6464K, reserved 1048576K
}
Event: 8.900 GC heap before
{Heap before GC invocations=14 (full 0):
 garbage-first heap   total 122880K, used 90941K [0x0000000720c00000, 0x0000000800000000)
  region size 2048K, 23 young (47104K), 3 survivors (6144K)
 Metaspace       used 58487K, committed 58752K, reserved 1105920K
  class space    used 6828K, committed 6976K, reserved 1048576K
}
Event: 8.925 GC heap after
{Heap after GC invocations=15 (full 0):
 garbage-first heap   total 122880K, used 55981K [0x0000000720c00000, 0x0000000800000000)
  region size 2048K, 3 young (6144K), 3 survivors (6144K)
 Metaspace       used 58487K, committed 58752K, reserved 1105920K
  class space    used 6828K, committed 6976K, reserved 1048576K
}
Event: 10.266 GC heap before
{Heap before GC invocations=15 (full 0):
 garbage-first heap   total 122880K, used 78509K [0x0000000720c00000, 0x0000000800000000)
  region size 2048K, 15 young (30720K), 3 survivors (6144K)
 Metaspace       used 60196K, committed 60480K, reserved 1105920K
  class space    used 6898K, committed 7040K, reserved 1048576K
}
Event: 10.285 GC heap after
{Heap after GC invocations=16 (full 0):
 garbage-first heap   total 122880K, used 59331K [0x0000000720c00000, 0x0000000800000000)
  region size 2048K, 2 young (4096K), 2 survivors (4096K)
 Metaspace       used 60196K, committed 60480K, reserved 1105920K
  class space    used 6898K, committed 7040K, reserved 1048576K
}
Event: 12.181 GC heap before
{Heap before GC invocations=17 (full 0):
 garbage-first heap   total 122880K, used 94147K [0x0000000720c00000, 0x0000000800000000)
  region size 2048K, 19 young (38912K), 2 survivors (4096K)
 Metaspace       used 63859K, committed 64192K, reserved 1105920K
  class space    used 7228K, committed 7360K, reserved 1048576K
}
Event: 12.196 GC heap after
{Heap after GC invocations=18 (full 0):
 garbage-first heap   total 122880K, used 62507K [0x0000000720c00000, 0x0000000800000000)
  region size 2048K, 2 young (4096K), 2 survivors (4096K)
 Metaspace       used 63859K, committed 64192K, reserved 1105920K
  class space    used 7228K, committed 7360K, reserved 1048576K
}
Event: 13.249 GC heap before
{Heap before GC invocations=18 (full 0):
 garbage-first heap   total 122880K, used 93227K [0x0000000720c00000, 0x0000000800000000)
  region size 2048K, 18 young (36864K), 2 survivors (4096K)
 Metaspace       used 68469K, committed 68736K, reserved 1114112K
  class space    used 7685K, committed 7808K, reserved 1048576K
}
Event: 13.268 GC heap after
{Heap after GC invocations=19 (full 0):
 garbage-first heap   total 122880K, used 66598K [0x0000000720c00000, 0x0000000800000000)
  region size 2048K, 3 young (6144K), 3 survivors (6144K)
 Metaspace       used 68469K, committed 68736K, reserved 1114112K
  class space    used 7685K, committed 7808K, reserved 1048576K
}
Event: 14.036 GC heap before
{Heap before GC invocations=20 (full 0):
 garbage-first heap   total 122880K, used 97318K [0x0000000720c00000, 0x0000000800000000)
  region size 2048K, 18 young (36864K), 3 survivors (6144K)
 Metaspace       used 75527K, committed 75840K, reserved 1122304K
  class space    used 8499K, committed 8640K, reserved 1048576K
}
Event: 14.052 GC heap after
{Heap after GC invocations=21 (full 0):
 garbage-first heap   total 122880K, used 69138K [0x0000000720c00000, 0x0000000800000000)
  region size 2048K, 2 young (4096K), 2 survivors (4096K)
 Metaspace       used 75527K, committed 75840K, reserved 1122304K
  class space    used 8499K, committed 8640K, reserved 1048576K
}

